[2020-11-26 00:30:44,247] SEVERE {b7a.log.crash} - class io.ballerina.compiler.syntax.tree.ErrorBindingPatternNode cannot be cast to class io.ballerina.compiler.syntax.tree.CaptureBindingPatternNode (io.ballerina.compiler.syntax.tree.ErrorBindingPatternNode and io.ballerina.compiler.syntax.tree.CaptureBindingPatternNode are in unnamed module of loader 'app') 
java.lang.ClassCastException: class io.ballerina.compiler.syntax.tree.ErrorBindingPatternNode cannot be cast to class io.ballerina.compiler.syntax.tree.CaptureBindingPatternNode (io.ballerina.compiler.syntax.tree.ErrorBindingPatternNode and io.ballerina.compiler.syntax.tree.CaptureBindingPatternNode are in unnamed module of loader 'app')
	at org.wso2.ballerinalang.compiler.parser.BLangNodeTransformer.transform(BLangNodeTransformer.java:545)
	at org.wso2.ballerinalang.compiler.parser.BLangNodeTransformer.transform(BLangNodeTransformer.java:436)
	at io.ballerina.compiler.syntax.tree.ModuleVariableDeclarationNode.apply(ModuleVariableDeclarationNode.java:67)
	at org.wso2.ballerinalang.compiler.parser.BLangNodeTransformer.transform(BLangNodeTransformer.java:530)
	at org.wso2.ballerinalang.compiler.parser.BLangNodeTransformer.transform(BLangNodeTransformer.java:436)
	at io.ballerina.compiler.syntax.tree.ModulePartNode.apply(ModulePartNode.java:54)
	at org.wso2.ballerinalang.compiler.parser.BLangNodeTransformer.accept(BLangNodeTransformer.java:460)
	at org.wso2.ballerinalang.compiler.parser.Parser.generateCompilationUnitNew(Parser.java:121)
	at org.wso2.ballerinalang.compiler.parser.Parser.parse(Parser.java:94)
	at org.wso2.ballerinalang.compiler.PackageLoader.parse(PackageLoader.java:487)
	at org.wso2.ballerinalang.compiler.PackageLoader.loadEntryPackage(PackageLoader.java:374)
	at org.wso2.ballerinalang.compiler.Compiler.compilePackages(Compiler.java:166)
	at org.wso2.ballerinalang.compiler.Compiler.compilePackage(Compiler.java:221)
	at org.wso2.ballerinalang.compiler.Compiler.compile(Compiler.java:101)
	at org.wso2.ballerinalang.compiler.Compiler.build(Compiler.java:109)
	at org.ballerinalang.packerina.task.CompileTask.execute(CompileTask.java:62)
	at org.ballerinalang.packerina.TaskExecutor.executeTasks(TaskExecutor.java:38)
	at org.ballerinalang.packerina.cmd.BuildCommand.execute(BuildCommand.java:435)
	at java.base/java.util.Optional.ifPresent(Unknown Source)
	at org.ballerinalang.tool.Main.main(Main.java:57)
 
[2020-11-26 15:31:19,473] SEVERE {b7a.log.crash} - class io.ballerina.compiler.syntax.tree.MappingBindingPatternNode cannot be cast to class io.ballerina.compiler.syntax.tree.CaptureBindingPatternNode (io.ballerina.compiler.syntax.tree.MappingBindingPatternNode and io.ballerina.compiler.syntax.tree.CaptureBindingPatternNode are in unnamed module of loader 'app') 
java.lang.ClassCastException: class io.ballerina.compiler.syntax.tree.MappingBindingPatternNode cannot be cast to class io.ballerina.compiler.syntax.tree.CaptureBindingPatternNode (io.ballerina.compiler.syntax.tree.MappingBindingPatternNode and io.ballerina.compiler.syntax.tree.CaptureBindingPatternNode are in unnamed module of loader 'app')
	at org.wso2.ballerinalang.compiler.parser.BLangNodeTransformer.transform(BLangNodeTransformer.java:545)
	at org.wso2.ballerinalang.compiler.parser.BLangNodeTransformer.transform(BLangNodeTransformer.java:436)
	at io.ballerina.compiler.syntax.tree.ModuleVariableDeclarationNode.apply(ModuleVariableDeclarationNode.java:67)
	at org.wso2.ballerinalang.compiler.parser.BLangNodeTransformer.transform(BLangNodeTransformer.java:530)
	at org.wso2.ballerinalang.compiler.parser.BLangNodeTransformer.transform(BLangNodeTransformer.java:436)
	at io.ballerina.compiler.syntax.tree.ModulePartNode.apply(ModulePartNode.java:54)
	at org.wso2.ballerinalang.compiler.parser.BLangNodeTransformer.accept(BLangNodeTransformer.java:460)
	at org.wso2.ballerinalang.compiler.parser.Parser.generateCompilationUnitNew(Parser.java:121)
	at org.wso2.ballerinalang.compiler.parser.Parser.parse(Parser.java:94)
	at org.wso2.ballerinalang.compiler.PackageLoader.parse(PackageLoader.java:487)
	at org.wso2.ballerinalang.compiler.PackageLoader.loadEntryPackage(PackageLoader.java:374)
	at org.wso2.ballerinalang.compiler.Compiler.compilePackages(Compiler.java:166)
	at org.wso2.ballerinalang.compiler.Compiler.compilePackage(Compiler.java:221)
	at org.wso2.ballerinalang.compiler.Compiler.compile(Compiler.java:101)
	at org.wso2.ballerinalang.compiler.Compiler.build(Compiler.java:109)
	at org.ballerinalang.packerina.task.CompileTask.execute(CompileTask.java:62)
	at org.ballerinalang.packerina.TaskExecutor.executeTasks(TaskExecutor.java:38)
	at org.ballerinalang.packerina.cmd.BuildCommand.execute(BuildCommand.java:435)
	at java.base/java.util.Optional.ifPresent(Unknown Source)
	at org.ballerinalang.tool.Main.main(Main.java:57)
 
[2020-11-26 15:32:24,069] SEVERE {b7a.log.crash} - class io.ballerina.compiler.syntax.tree.MappingBindingPatternNode cannot be cast to class io.ballerina.compiler.syntax.tree.CaptureBindingPatternNode (io.ballerina.compiler.syntax.tree.MappingBindingPatternNode and io.ballerina.compiler.syntax.tree.CaptureBindingPatternNode are in unnamed module of loader 'app') 
java.lang.ClassCastException: class io.ballerina.compiler.syntax.tree.MappingBindingPatternNode cannot be cast to class io.ballerina.compiler.syntax.tree.CaptureBindingPatternNode (io.ballerina.compiler.syntax.tree.MappingBindingPatternNode and io.ballerina.compiler.syntax.tree.CaptureBindingPatternNode are in unnamed module of loader 'app')
	at org.wso2.ballerinalang.compiler.parser.BLangNodeTransformer.transform(BLangNodeTransformer.java:545)
	at org.wso2.ballerinalang.compiler.parser.BLangNodeTransformer.transform(BLangNodeTransformer.java:436)
	at io.ballerina.compiler.syntax.tree.ModuleVariableDeclarationNode.apply(ModuleVariableDeclarationNode.java:67)
	at org.wso2.ballerinalang.compiler.parser.BLangNodeTransformer.transform(BLangNodeTransformer.java:530)
	at org.wso2.ballerinalang.compiler.parser.BLangNodeTransformer.transform(BLangNodeTransformer.java:436)
	at io.ballerina.compiler.syntax.tree.ModulePartNode.apply(ModulePartNode.java:54)
	at org.wso2.ballerinalang.compiler.parser.BLangNodeTransformer.accept(BLangNodeTransformer.java:460)
	at org.wso2.ballerinalang.compiler.parser.Parser.generateCompilationUnitNew(Parser.java:121)
	at org.wso2.ballerinalang.compiler.parser.Parser.parse(Parser.java:94)
	at org.wso2.ballerinalang.compiler.PackageLoader.parse(PackageLoader.java:487)
	at org.wso2.ballerinalang.compiler.PackageLoader.loadEntryPackage(PackageLoader.java:374)
	at org.wso2.ballerinalang.compiler.Compiler.compilePackages(Compiler.java:166)
	at org.wso2.ballerinalang.compiler.Compiler.compilePackage(Compiler.java:221)
	at org.wso2.ballerinalang.compiler.Compiler.compile(Compiler.java:101)
	at org.wso2.ballerinalang.compiler.Compiler.build(Compiler.java:109)
	at org.ballerinalang.packerina.task.CompileTask.execute(CompileTask.java:62)
	at org.ballerinalang.packerina.TaskExecutor.executeTasks(TaskExecutor.java:38)
	at org.ballerinalang.packerina.cmd.BuildCommand.execute(BuildCommand.java:435)
	at java.base/java.util.Optional.ifPresent(Unknown Source)
	at org.ballerinalang.tool.Main.main(Main.java:57)
 
[2020-11-26 15:32:54,813] SEVERE {b7a.log.crash} - class io.ballerina.compiler.syntax.tree.MappingBindingPatternNode cannot be cast to class io.ballerina.compiler.syntax.tree.CaptureBindingPatternNode (io.ballerina.compiler.syntax.tree.MappingBindingPatternNode and io.ballerina.compiler.syntax.tree.CaptureBindingPatternNode are in unnamed module of loader 'app') 
java.lang.ClassCastException: class io.ballerina.compiler.syntax.tree.MappingBindingPatternNode cannot be cast to class io.ballerina.compiler.syntax.tree.CaptureBindingPatternNode (io.ballerina.compiler.syntax.tree.MappingBindingPatternNode and io.ballerina.compiler.syntax.tree.CaptureBindingPatternNode are in unnamed module of loader 'app')
	at org.wso2.ballerinalang.compiler.parser.BLangNodeTransformer.transform(BLangNodeTransformer.java:545)
	at org.wso2.ballerinalang.compiler.parser.BLangNodeTransformer.transform(BLangNodeTransformer.java:436)
	at io.ballerina.compiler.syntax.tree.ModuleVariableDeclarationNode.apply(ModuleVariableDeclarationNode.java:67)
	at org.wso2.ballerinalang.compiler.parser.BLangNodeTransformer.transform(BLangNodeTransformer.java:530)
	at org.wso2.ballerinalang.compiler.parser.BLangNodeTransformer.transform(BLangNodeTransformer.java:436)
	at io.ballerina.compiler.syntax.tree.ModulePartNode.apply(ModulePartNode.java:54)
	at org.wso2.ballerinalang.compiler.parser.BLangNodeTransformer.accept(BLangNodeTransformer.java:460)
	at org.wso2.ballerinalang.compiler.parser.Parser.generateCompilationUnitNew(Parser.java:121)
	at org.wso2.ballerinalang.compiler.parser.Parser.parse(Parser.java:94)
	at org.wso2.ballerinalang.compiler.PackageLoader.parse(PackageLoader.java:487)
	at org.wso2.ballerinalang.compiler.PackageLoader.loadEntryPackage(PackageLoader.java:374)
	at org.wso2.ballerinalang.compiler.Compiler.compilePackages(Compiler.java:166)
	at org.wso2.ballerinalang.compiler.Compiler.compilePackage(Compiler.java:221)
	at org.wso2.ballerinalang.compiler.Compiler.compile(Compiler.java:101)
	at org.wso2.ballerinalang.compiler.Compiler.build(Compiler.java:109)
	at org.ballerinalang.packerina.task.CompileTask.execute(CompileTask.java:62)
	at org.ballerinalang.packerina.TaskExecutor.executeTasks(TaskExecutor.java:38)
	at org.ballerinalang.packerina.cmd.BuildCommand.execute(BuildCommand.java:435)
	at java.base/java.util.Optional.ifPresent(Unknown Source)
	at org.ballerinalang.tool.Main.main(Main.java:57)
 
[2020-11-26 15:35:23,722] SEVERE {b7a.log.crash} - class io.ballerina.compiler.syntax.tree.MappingBindingPatternNode cannot be cast to class io.ballerina.compiler.syntax.tree.CaptureBindingPatternNode (io.ballerina.compiler.syntax.tree.MappingBindingPatternNode and io.ballerina.compiler.syntax.tree.CaptureBindingPatternNode are in unnamed module of loader 'app') 
java.lang.ClassCastException: class io.ballerina.compiler.syntax.tree.MappingBindingPatternNode cannot be cast to class io.ballerina.compiler.syntax.tree.CaptureBindingPatternNode (io.ballerina.compiler.syntax.tree.MappingBindingPatternNode and io.ballerina.compiler.syntax.tree.CaptureBindingPatternNode are in unnamed module of loader 'app')
	at org.wso2.ballerinalang.compiler.parser.BLangNodeTransformer.transform(BLangNodeTransformer.java:545)
	at org.wso2.ballerinalang.compiler.parser.BLangNodeTransformer.transform(BLangNodeTransformer.java:436)
	at io.ballerina.compiler.syntax.tree.ModuleVariableDeclarationNode.apply(ModuleVariableDeclarationNode.java:67)
	at org.wso2.ballerinalang.compiler.parser.BLangNodeTransformer.transform(BLangNodeTransformer.java:530)
	at org.wso2.ballerinalang.compiler.parser.BLangNodeTransformer.transform(BLangNodeTransformer.java:436)
	at io.ballerina.compiler.syntax.tree.ModulePartNode.apply(ModulePartNode.java:54)
	at org.wso2.ballerinalang.compiler.parser.BLangNodeTransformer.accept(BLangNodeTransformer.java:460)
	at org.wso2.ballerinalang.compiler.parser.Parser.generateCompilationUnitNew(Parser.java:121)
	at org.wso2.ballerinalang.compiler.parser.Parser.parse(Parser.java:94)
	at org.wso2.ballerinalang.compiler.PackageLoader.parse(PackageLoader.java:487)
	at org.wso2.ballerinalang.compiler.PackageLoader.loadEntryPackage(PackageLoader.java:374)
	at org.wso2.ballerinalang.compiler.Compiler.compilePackages(Compiler.java:166)
	at org.wso2.ballerinalang.compiler.Compiler.compilePackage(Compiler.java:221)
	at org.wso2.ballerinalang.compiler.Compiler.compile(Compiler.java:101)
	at org.wso2.ballerinalang.compiler.Compiler.build(Compiler.java:109)
	at org.ballerinalang.packerina.task.CompileTask.execute(CompileTask.java:62)
	at org.ballerinalang.packerina.TaskExecutor.executeTasks(TaskExecutor.java:38)
	at org.ballerinalang.packerina.cmd.BuildCommand.execute(BuildCommand.java:435)
	at java.base/java.util.Optional.ifPresent(Unknown Source)
	at org.ballerinalang.tool.Main.main(Main.java:57)
 
[2020-11-26 22:15:19,014] SEVERE {b7a.log.crash} - class io.ballerina.compiler.syntax.tree.MappingBindingPatternNode cannot be cast to class io.ballerina.compiler.syntax.tree.CaptureBindingPatternNode (io.ballerina.compiler.syntax.tree.MappingBindingPatternNode and io.ballerina.compiler.syntax.tree.CaptureBindingPatternNode are in unnamed module of loader 'app') 
java.lang.ClassCastException: class io.ballerina.compiler.syntax.tree.MappingBindingPatternNode cannot be cast to class io.ballerina.compiler.syntax.tree.CaptureBindingPatternNode (io.ballerina.compiler.syntax.tree.MappingBindingPatternNode and io.ballerina.compiler.syntax.tree.CaptureBindingPatternNode are in unnamed module of loader 'app')
	at org.wso2.ballerinalang.compiler.parser.BLangNodeTransformer.transform(BLangNodeTransformer.java:545)
	at org.wso2.ballerinalang.compiler.parser.BLangNodeTransformer.transform(BLangNodeTransformer.java:436)
	at io.ballerina.compiler.syntax.tree.ModuleVariableDeclarationNode.apply(ModuleVariableDeclarationNode.java:67)
	at org.wso2.ballerinalang.compiler.parser.BLangNodeTransformer.transform(BLangNodeTransformer.java:530)
	at org.wso2.ballerinalang.compiler.parser.BLangNodeTransformer.transform(BLangNodeTransformer.java:436)
	at io.ballerina.compiler.syntax.tree.ModulePartNode.apply(ModulePartNode.java:54)
	at org.wso2.ballerinalang.compiler.parser.BLangNodeTransformer.accept(BLangNodeTransformer.java:460)
	at org.wso2.ballerinalang.compiler.parser.Parser.generateCompilationUnitNew(Parser.java:121)
	at org.wso2.ballerinalang.compiler.parser.Parser.parse(Parser.java:94)
	at org.wso2.ballerinalang.compiler.PackageLoader.parse(PackageLoader.java:487)
	at org.wso2.ballerinalang.compiler.PackageLoader.loadEntryPackage(PackageLoader.java:374)
	at org.wso2.ballerinalang.compiler.Compiler.compilePackages(Compiler.java:166)
	at org.wso2.ballerinalang.compiler.Compiler.compilePackage(Compiler.java:221)
	at org.wso2.ballerinalang.compiler.Compiler.compile(Compiler.java:101)
	at org.wso2.ballerinalang.compiler.Compiler.build(Compiler.java:109)
	at org.ballerinalang.packerina.task.CompileTask.execute(CompileTask.java:62)
	at org.ballerinalang.packerina.TaskExecutor.executeTasks(TaskExecutor.java:38)
	at org.ballerinalang.packerina.cmd.BuildCommand.execute(BuildCommand.java:435)
	at java.base/java.util.Optional.ifPresent(Unknown Source)
	at org.ballerinalang.tool.Main.main(Main.java:57)
 
[2020-11-26 22:17:03,972] SEVERE {b7a.log.crash} - class io.ballerina.compiler.syntax.tree.MappingBindingPatternNode cannot be cast to class io.ballerina.compiler.syntax.tree.CaptureBindingPatternNode (io.ballerina.compiler.syntax.tree.MappingBindingPatternNode and io.ballerina.compiler.syntax.tree.CaptureBindingPatternNode are in unnamed module of loader 'app') 
java.lang.ClassCastException: class io.ballerina.compiler.syntax.tree.MappingBindingPatternNode cannot be cast to class io.ballerina.compiler.syntax.tree.CaptureBindingPatternNode (io.ballerina.compiler.syntax.tree.MappingBindingPatternNode and io.ballerina.compiler.syntax.tree.CaptureBindingPatternNode are in unnamed module of loader 'app')
	at org.wso2.ballerinalang.compiler.parser.BLangNodeTransformer.transform(BLangNodeTransformer.java:545)
	at org.wso2.ballerinalang.compiler.parser.BLangNodeTransformer.transform(BLangNodeTransformer.java:436)
	at io.ballerina.compiler.syntax.tree.ModuleVariableDeclarationNode.apply(ModuleVariableDeclarationNode.java:67)
	at org.wso2.ballerinalang.compiler.parser.BLangNodeTransformer.transform(BLangNodeTransformer.java:530)
	at org.wso2.ballerinalang.compiler.parser.BLangNodeTransformer.transform(BLangNodeTransformer.java:436)
	at io.ballerina.compiler.syntax.tree.ModulePartNode.apply(ModulePartNode.java:54)
	at org.wso2.ballerinalang.compiler.parser.BLangNodeTransformer.accept(BLangNodeTransformer.java:460)
	at org.wso2.ballerinalang.compiler.parser.Parser.generateCompilationUnitNew(Parser.java:121)
	at org.wso2.ballerinalang.compiler.parser.Parser.parse(Parser.java:94)
	at org.wso2.ballerinalang.compiler.PackageLoader.parse(PackageLoader.java:487)
	at org.wso2.ballerinalang.compiler.PackageLoader.loadEntryPackage(PackageLoader.java:374)
	at org.wso2.ballerinalang.compiler.Compiler.compilePackages(Compiler.java:166)
	at org.wso2.ballerinalang.compiler.Compiler.compilePackage(Compiler.java:221)
	at org.wso2.ballerinalang.compiler.Compiler.compile(Compiler.java:101)
	at org.wso2.ballerinalang.compiler.Compiler.build(Compiler.java:109)
	at org.ballerinalang.packerina.task.CompileTask.execute(CompileTask.java:62)
	at org.ballerinalang.packerina.TaskExecutor.executeTasks(TaskExecutor.java:38)
	at org.ballerinalang.packerina.cmd.BuildCommand.execute(BuildCommand.java:435)
	at java.base/java.util.Optional.ifPresent(Unknown Source)
	at org.ballerinalang.tool.Main.main(Main.java:57)
 
[2020-11-26 22:17:47,895] SEVERE {b7a.log.crash} - class io.ballerina.compiler.syntax.tree.MappingBindingPatternNode cannot be cast to class io.ballerina.compiler.syntax.tree.CaptureBindingPatternNode (io.ballerina.compiler.syntax.tree.MappingBindingPatternNode and io.ballerina.compiler.syntax.tree.CaptureBindingPatternNode are in unnamed module of loader 'app') 
java.lang.ClassCastException: class io.ballerina.compiler.syntax.tree.MappingBindingPatternNode cannot be cast to class io.ballerina.compiler.syntax.tree.CaptureBindingPatternNode (io.ballerina.compiler.syntax.tree.MappingBindingPatternNode and io.ballerina.compiler.syntax.tree.CaptureBindingPatternNode are in unnamed module of loader 'app')
	at org.wso2.ballerinalang.compiler.parser.BLangNodeTransformer.transform(BLangNodeTransformer.java:545)
	at org.wso2.ballerinalang.compiler.parser.BLangNodeTransformer.transform(BLangNodeTransformer.java:436)
	at io.ballerina.compiler.syntax.tree.ModuleVariableDeclarationNode.apply(ModuleVariableDeclarationNode.java:67)
	at org.wso2.ballerinalang.compiler.parser.BLangNodeTransformer.transform(BLangNodeTransformer.java:530)
	at org.wso2.ballerinalang.compiler.parser.BLangNodeTransformer.transform(BLangNodeTransformer.java:436)
	at io.ballerina.compiler.syntax.tree.ModulePartNode.apply(ModulePartNode.java:54)
	at org.wso2.ballerinalang.compiler.parser.BLangNodeTransformer.accept(BLangNodeTransformer.java:460)
	at org.wso2.ballerinalang.compiler.parser.Parser.generateCompilationUnitNew(Parser.java:121)
	at org.wso2.ballerinalang.compiler.parser.Parser.parse(Parser.java:94)
	at org.wso2.ballerinalang.compiler.PackageLoader.parse(PackageLoader.java:487)
	at org.wso2.ballerinalang.compiler.PackageLoader.loadEntryPackage(PackageLoader.java:374)
	at org.wso2.ballerinalang.compiler.Compiler.compilePackages(Compiler.java:166)
	at org.wso2.ballerinalang.compiler.Compiler.compilePackage(Compiler.java:221)
	at org.wso2.ballerinalang.compiler.Compiler.compile(Compiler.java:101)
	at org.wso2.ballerinalang.compiler.Compiler.build(Compiler.java:109)
	at org.ballerinalang.packerina.task.CompileTask.execute(CompileTask.java:62)
	at org.ballerinalang.packerina.TaskExecutor.executeTasks(TaskExecutor.java:38)
	at org.ballerinalang.packerina.cmd.BuildCommand.execute(BuildCommand.java:435)
	at java.base/java.util.Optional.ifPresent(Unknown Source)
	at org.ballerinalang.tool.Main.main(Main.java:57)
 
[2020-11-26 22:18:09,808] SEVERE {b7a.log.crash} - class io.ballerina.compiler.syntax.tree.MappingBindingPatternNode cannot be cast to class io.ballerina.compiler.syntax.tree.CaptureBindingPatternNode (io.ballerina.compiler.syntax.tree.MappingBindingPatternNode and io.ballerina.compiler.syntax.tree.CaptureBindingPatternNode are in unnamed module of loader 'app') 
java.lang.ClassCastException: class io.ballerina.compiler.syntax.tree.MappingBindingPatternNode cannot be cast to class io.ballerina.compiler.syntax.tree.CaptureBindingPatternNode (io.ballerina.compiler.syntax.tree.MappingBindingPatternNode and io.ballerina.compiler.syntax.tree.CaptureBindingPatternNode are in unnamed module of loader 'app')
	at org.wso2.ballerinalang.compiler.parser.BLangNodeTransformer.transform(BLangNodeTransformer.java:545)
	at org.wso2.ballerinalang.compiler.parser.BLangNodeTransformer.transform(BLangNodeTransformer.java:436)
	at io.ballerina.compiler.syntax.tree.ModuleVariableDeclarationNode.apply(ModuleVariableDeclarationNode.java:67)
	at org.wso2.ballerinalang.compiler.parser.BLangNodeTransformer.transform(BLangNodeTransformer.java:530)
	at org.wso2.ballerinalang.compiler.parser.BLangNodeTransformer.transform(BLangNodeTransformer.java:436)
	at io.ballerina.compiler.syntax.tree.ModulePartNode.apply(ModulePartNode.java:54)
	at org.wso2.ballerinalang.compiler.parser.BLangNodeTransformer.accept(BLangNodeTransformer.java:460)
	at org.wso2.ballerinalang.compiler.parser.Parser.generateCompilationUnitNew(Parser.java:121)
	at org.wso2.ballerinalang.compiler.parser.Parser.parse(Parser.java:94)
	at org.wso2.ballerinalang.compiler.PackageLoader.parse(PackageLoader.java:487)
	at org.wso2.ballerinalang.compiler.PackageLoader.loadEntryPackage(PackageLoader.java:374)
	at org.wso2.ballerinalang.compiler.Compiler.compilePackages(Compiler.java:166)
	at org.wso2.ballerinalang.compiler.Compiler.compilePackage(Compiler.java:221)
	at org.wso2.ballerinalang.compiler.Compiler.compile(Compiler.java:101)
	at org.wso2.ballerinalang.compiler.Compiler.build(Compiler.java:109)
	at org.ballerinalang.packerina.task.CompileTask.execute(CompileTask.java:62)
	at org.ballerinalang.packerina.TaskExecutor.executeTasks(TaskExecutor.java:38)
	at org.ballerinalang.packerina.cmd.BuildCommand.execute(BuildCommand.java:435)
	at java.base/java.util.Optional.ifPresent(Unknown Source)
	at org.ballerinalang.tool.Main.main(Main.java:57)
 
[2020-11-26 22:33:24,249] SEVERE {b7a.log.crash} - class io.ballerina.compiler.syntax.tree.MappingBindingPatternNode cannot be cast to class io.ballerina.compiler.syntax.tree.CaptureBindingPatternNode (io.ballerina.compiler.syntax.tree.MappingBindingPatternNode and io.ballerina.compiler.syntax.tree.CaptureBindingPatternNode are in unnamed module of loader 'app') 
java.lang.ClassCastException: class io.ballerina.compiler.syntax.tree.MappingBindingPatternNode cannot be cast to class io.ballerina.compiler.syntax.tree.CaptureBindingPatternNode (io.ballerina.compiler.syntax.tree.MappingBindingPatternNode and io.ballerina.compiler.syntax.tree.CaptureBindingPatternNode are in unnamed module of loader 'app')
	at org.wso2.ballerinalang.compiler.parser.BLangNodeTransformer.transform(BLangNodeTransformer.java:545)
	at org.wso2.ballerinalang.compiler.parser.BLangNodeTransformer.transform(BLangNodeTransformer.java:436)
	at io.ballerina.compiler.syntax.tree.ModuleVariableDeclarationNode.apply(ModuleVariableDeclarationNode.java:67)
	at org.wso2.ballerinalang.compiler.parser.BLangNodeTransformer.transform(BLangNodeTransformer.java:530)
	at org.wso2.ballerinalang.compiler.parser.BLangNodeTransformer.transform(BLangNodeTransformer.java:436)
	at io.ballerina.compiler.syntax.tree.ModulePartNode.apply(ModulePartNode.java:54)
	at org.wso2.ballerinalang.compiler.parser.BLangNodeTransformer.accept(BLangNodeTransformer.java:460)
	at org.wso2.ballerinalang.compiler.parser.Parser.generateCompilationUnitNew(Parser.java:121)
	at org.wso2.ballerinalang.compiler.parser.Parser.parse(Parser.java:94)
	at org.wso2.ballerinalang.compiler.PackageLoader.parse(PackageLoader.java:487)
	at org.wso2.ballerinalang.compiler.PackageLoader.loadEntryPackage(PackageLoader.java:374)
	at org.wso2.ballerinalang.compiler.Compiler.compilePackages(Compiler.java:166)
	at org.wso2.ballerinalang.compiler.Compiler.compilePackage(Compiler.java:221)
	at org.wso2.ballerinalang.compiler.Compiler.compile(Compiler.java:101)
	at org.wso2.ballerinalang.compiler.Compiler.build(Compiler.java:109)
	at org.ballerinalang.packerina.task.CompileTask.execute(CompileTask.java:62)
	at org.ballerinalang.packerina.TaskExecutor.executeTasks(TaskExecutor.java:38)
	at org.ballerinalang.packerina.cmd.BuildCommand.execute(BuildCommand.java:435)
	at java.base/java.util.Optional.ifPresent(Unknown Source)
	at org.ballerinalang.tool.Main.main(Main.java:57)
 
[2020-11-26 22:34:28,390] SEVERE {b7a.log.crash} - class io.ballerina.compiler.syntax.tree.MappingBindingPatternNode cannot be cast to class io.ballerina.compiler.syntax.tree.CaptureBindingPatternNode (io.ballerina.compiler.syntax.tree.MappingBindingPatternNode and io.ballerina.compiler.syntax.tree.CaptureBindingPatternNode are in unnamed module of loader 'app') 
java.lang.ClassCastException: class io.ballerina.compiler.syntax.tree.MappingBindingPatternNode cannot be cast to class io.ballerina.compiler.syntax.tree.CaptureBindingPatternNode (io.ballerina.compiler.syntax.tree.MappingBindingPatternNode and io.ballerina.compiler.syntax.tree.CaptureBindingPatternNode are in unnamed module of loader 'app')
	at org.wso2.ballerinalang.compiler.parser.BLangNodeTransformer.transform(BLangNodeTransformer.java:545)
	at org.wso2.ballerinalang.compiler.parser.BLangNodeTransformer.transform(BLangNodeTransformer.java:436)
	at io.ballerina.compiler.syntax.tree.ModuleVariableDeclarationNode.apply(ModuleVariableDeclarationNode.java:67)
	at org.wso2.ballerinalang.compiler.parser.BLangNodeTransformer.transform(BLangNodeTransformer.java:530)
	at org.wso2.ballerinalang.compiler.parser.BLangNodeTransformer.transform(BLangNodeTransformer.java:436)
	at io.ballerina.compiler.syntax.tree.ModulePartNode.apply(ModulePartNode.java:54)
	at org.wso2.ballerinalang.compiler.parser.BLangNodeTransformer.accept(BLangNodeTransformer.java:460)
	at org.wso2.ballerinalang.compiler.parser.Parser.generateCompilationUnitNew(Parser.java:121)
	at org.wso2.ballerinalang.compiler.parser.Parser.parse(Parser.java:94)
	at org.wso2.ballerinalang.compiler.PackageLoader.parse(PackageLoader.java:487)
	at org.wso2.ballerinalang.compiler.PackageLoader.loadEntryPackage(PackageLoader.java:374)
	at org.wso2.ballerinalang.compiler.Compiler.compilePackages(Compiler.java:166)
	at org.wso2.ballerinalang.compiler.Compiler.compilePackage(Compiler.java:221)
	at org.wso2.ballerinalang.compiler.Compiler.compile(Compiler.java:101)
	at org.wso2.ballerinalang.compiler.Compiler.build(Compiler.java:109)
	at org.ballerinalang.packerina.task.CompileTask.execute(CompileTask.java:62)
	at org.ballerinalang.packerina.TaskExecutor.executeTasks(TaskExecutor.java:38)
	at org.ballerinalang.packerina.cmd.BuildCommand.execute(BuildCommand.java:435)
	at java.base/java.util.Optional.ifPresent(Unknown Source)
	at org.ballerinalang.tool.Main.main(Main.java:57)
 
[2020-11-26 22:35:18,386] SEVERE {b7a.log.crash} - class io.ballerina.compiler.syntax.tree.MappingBindingPatternNode cannot be cast to class io.ballerina.compiler.syntax.tree.CaptureBindingPatternNode (io.ballerina.compiler.syntax.tree.MappingBindingPatternNode and io.ballerina.compiler.syntax.tree.CaptureBindingPatternNode are in unnamed module of loader 'app') 
java.lang.ClassCastException: class io.ballerina.compiler.syntax.tree.MappingBindingPatternNode cannot be cast to class io.ballerina.compiler.syntax.tree.CaptureBindingPatternNode (io.ballerina.compiler.syntax.tree.MappingBindingPatternNode and io.ballerina.compiler.syntax.tree.CaptureBindingPatternNode are in unnamed module of loader 'app')
	at org.wso2.ballerinalang.compiler.parser.BLangNodeTransformer.transform(BLangNodeTransformer.java:545)
	at org.wso2.ballerinalang.compiler.parser.BLangNodeTransformer.transform(BLangNodeTransformer.java:436)
	at io.ballerina.compiler.syntax.tree.ModuleVariableDeclarationNode.apply(ModuleVariableDeclarationNode.java:67)
	at org.wso2.ballerinalang.compiler.parser.BLangNodeTransformer.transform(BLangNodeTransformer.java:530)
	at org.wso2.ballerinalang.compiler.parser.BLangNodeTransformer.transform(BLangNodeTransformer.java:436)
	at io.ballerina.compiler.syntax.tree.ModulePartNode.apply(ModulePartNode.java:54)
	at org.wso2.ballerinalang.compiler.parser.BLangNodeTransformer.accept(BLangNodeTransformer.java:460)
	at org.wso2.ballerinalang.compiler.parser.Parser.generateCompilationUnitNew(Parser.java:121)
	at org.wso2.ballerinalang.compiler.parser.Parser.parse(Parser.java:94)
	at org.wso2.ballerinalang.compiler.PackageLoader.parse(PackageLoader.java:487)
	at org.wso2.ballerinalang.compiler.PackageLoader.loadEntryPackage(PackageLoader.java:374)
	at org.wso2.ballerinalang.compiler.Compiler.compilePackages(Compiler.java:166)
	at org.wso2.ballerinalang.compiler.Compiler.compilePackage(Compiler.java:221)
	at org.wso2.ballerinalang.compiler.Compiler.compile(Compiler.java:101)
	at org.wso2.ballerinalang.compiler.Compiler.build(Compiler.java:109)
	at org.ballerinalang.packerina.task.CompileTask.execute(CompileTask.java:62)
	at org.ballerinalang.packerina.TaskExecutor.executeTasks(TaskExecutor.java:38)
	at org.ballerinalang.packerina.cmd.BuildCommand.execute(BuildCommand.java:435)
	at java.base/java.util.Optional.ifPresent(Unknown Source)
	at org.ballerinalang.tool.Main.main(Main.java:57)
 
[2020-11-26 22:35:42,637] SEVERE {b7a.log.crash} - class io.ballerina.compiler.syntax.tree.MappingBindingPatternNode cannot be cast to class io.ballerina.compiler.syntax.tree.CaptureBindingPatternNode (io.ballerina.compiler.syntax.tree.MappingBindingPatternNode and io.ballerina.compiler.syntax.tree.CaptureBindingPatternNode are in unnamed module of loader 'app') 
java.lang.ClassCastException: class io.ballerina.compiler.syntax.tree.MappingBindingPatternNode cannot be cast to class io.ballerina.compiler.syntax.tree.CaptureBindingPatternNode (io.ballerina.compiler.syntax.tree.MappingBindingPatternNode and io.ballerina.compiler.syntax.tree.CaptureBindingPatternNode are in unnamed module of loader 'app')
	at org.wso2.ballerinalang.compiler.parser.BLangNodeTransformer.transform(BLangNodeTransformer.java:545)
	at org.wso2.ballerinalang.compiler.parser.BLangNodeTransformer.transform(BLangNodeTransformer.java:436)
	at io.ballerina.compiler.syntax.tree.ModuleVariableDeclarationNode.apply(ModuleVariableDeclarationNode.java:67)
	at org.wso2.ballerinalang.compiler.parser.BLangNodeTransformer.transform(BLangNodeTransformer.java:530)
	at org.wso2.ballerinalang.compiler.parser.BLangNodeTransformer.transform(BLangNodeTransformer.java:436)
	at io.ballerina.compiler.syntax.tree.ModulePartNode.apply(ModulePartNode.java:54)
	at org.wso2.ballerinalang.compiler.parser.BLangNodeTransformer.accept(BLangNodeTransformer.java:460)
	at org.wso2.ballerinalang.compiler.parser.Parser.generateCompilationUnitNew(Parser.java:121)
	at org.wso2.ballerinalang.compiler.parser.Parser.parse(Parser.java:94)
	at org.wso2.ballerinalang.compiler.PackageLoader.parse(PackageLoader.java:487)
	at org.wso2.ballerinalang.compiler.PackageLoader.loadEntryPackage(PackageLoader.java:374)
	at org.wso2.ballerinalang.compiler.Compiler.compilePackages(Compiler.java:166)
	at org.wso2.ballerinalang.compiler.Compiler.compilePackage(Compiler.java:221)
	at org.wso2.ballerinalang.compiler.Compiler.compile(Compiler.java:101)
	at org.wso2.ballerinalang.compiler.Compiler.build(Compiler.java:109)
	at org.ballerinalang.packerina.task.CompileTask.execute(CompileTask.java:62)
	at org.ballerinalang.packerina.TaskExecutor.executeTasks(TaskExecutor.java:38)
	at org.ballerinalang.packerina.cmd.BuildCommand.execute(BuildCommand.java:435)
	at java.base/java.util.Optional.ifPresent(Unknown Source)
	at org.ballerinalang.tool.Main.main(Main.java:57)
 
[2020-11-26 22:36:21,889] SEVERE {b7a.log.crash} - class io.ballerina.compiler.syntax.tree.MappingBindingPatternNode cannot be cast to class io.ballerina.compiler.syntax.tree.CaptureBindingPatternNode (io.ballerina.compiler.syntax.tree.MappingBindingPatternNode and io.ballerina.compiler.syntax.tree.CaptureBindingPatternNode are in unnamed module of loader 'app') 
java.lang.ClassCastException: class io.ballerina.compiler.syntax.tree.MappingBindingPatternNode cannot be cast to class io.ballerina.compiler.syntax.tree.CaptureBindingPatternNode (io.ballerina.compiler.syntax.tree.MappingBindingPatternNode and io.ballerina.compiler.syntax.tree.CaptureBindingPatternNode are in unnamed module of loader 'app')
	at org.wso2.ballerinalang.compiler.parser.BLangNodeTransformer.transform(BLangNodeTransformer.java:545)
	at org.wso2.ballerinalang.compiler.parser.BLangNodeTransformer.transform(BLangNodeTransformer.java:436)
	at io.ballerina.compiler.syntax.tree.ModuleVariableDeclarationNode.apply(ModuleVariableDeclarationNode.java:67)
	at org.wso2.ballerinalang.compiler.parser.BLangNodeTransformer.transform(BLangNodeTransformer.java:530)
	at org.wso2.ballerinalang.compiler.parser.BLangNodeTransformer.transform(BLangNodeTransformer.java:436)
	at io.ballerina.compiler.syntax.tree.ModulePartNode.apply(ModulePartNode.java:54)
	at org.wso2.ballerinalang.compiler.parser.BLangNodeTransformer.accept(BLangNodeTransformer.java:460)
	at org.wso2.ballerinalang.compiler.parser.Parser.generateCompilationUnitNew(Parser.java:121)
	at org.wso2.ballerinalang.compiler.parser.Parser.parse(Parser.java:94)
	at org.wso2.ballerinalang.compiler.PackageLoader.parse(PackageLoader.java:487)
	at org.wso2.ballerinalang.compiler.PackageLoader.loadEntryPackage(PackageLoader.java:374)
	at org.wso2.ballerinalang.compiler.Compiler.compilePackages(Compiler.java:166)
	at org.wso2.ballerinalang.compiler.Compiler.compilePackage(Compiler.java:221)
	at org.wso2.ballerinalang.compiler.Compiler.compile(Compiler.java:101)
	at org.wso2.ballerinalang.compiler.Compiler.build(Compiler.java:109)
	at org.ballerinalang.packerina.task.CompileTask.execute(CompileTask.java:62)
	at org.ballerinalang.packerina.TaskExecutor.executeTasks(TaskExecutor.java:38)
	at org.ballerinalang.packerina.cmd.BuildCommand.execute(BuildCommand.java:435)
	at java.base/java.util.Optional.ifPresent(Unknown Source)
	at org.ballerinalang.tool.Main.main(Main.java:57)
 
[2020-11-26 22:38:21,336] SEVERE {b7a.log.crash} - class io.ballerina.compiler.syntax.tree.MappingBindingPatternNode cannot be cast to class io.ballerina.compiler.syntax.tree.CaptureBindingPatternNode (io.ballerina.compiler.syntax.tree.MappingBindingPatternNode and io.ballerina.compiler.syntax.tree.CaptureBindingPatternNode are in unnamed module of loader 'app') 
java.lang.ClassCastException: class io.ballerina.compiler.syntax.tree.MappingBindingPatternNode cannot be cast to class io.ballerina.compiler.syntax.tree.CaptureBindingPatternNode (io.ballerina.compiler.syntax.tree.MappingBindingPatternNode and io.ballerina.compiler.syntax.tree.CaptureBindingPatternNode are in unnamed module of loader 'app')
	at org.wso2.ballerinalang.compiler.parser.BLangNodeTransformer.transform(BLangNodeTransformer.java:545)
	at org.wso2.ballerinalang.compiler.parser.BLangNodeTransformer.transform(BLangNodeTransformer.java:436)
	at io.ballerina.compiler.syntax.tree.ModuleVariableDeclarationNode.apply(ModuleVariableDeclarationNode.java:67)
	at org.wso2.ballerinalang.compiler.parser.BLangNodeTransformer.transform(BLangNodeTransformer.java:530)
	at org.wso2.ballerinalang.compiler.parser.BLangNodeTransformer.transform(BLangNodeTransformer.java:436)
	at io.ballerina.compiler.syntax.tree.ModulePartNode.apply(ModulePartNode.java:54)
	at org.wso2.ballerinalang.compiler.parser.BLangNodeTransformer.accept(BLangNodeTransformer.java:460)
	at org.wso2.ballerinalang.compiler.parser.Parser.generateCompilationUnitNew(Parser.java:121)
	at org.wso2.ballerinalang.compiler.parser.Parser.parse(Parser.java:94)
	at org.wso2.ballerinalang.compiler.PackageLoader.parse(PackageLoader.java:487)
	at org.wso2.ballerinalang.compiler.PackageLoader.loadEntryPackage(PackageLoader.java:374)
	at org.wso2.ballerinalang.compiler.Compiler.compilePackages(Compiler.java:166)
	at org.wso2.ballerinalang.compiler.Compiler.compilePackage(Compiler.java:221)
	at org.wso2.ballerinalang.compiler.Compiler.compile(Compiler.java:101)
	at org.wso2.ballerinalang.compiler.Compiler.build(Compiler.java:109)
	at org.ballerinalang.packerina.task.CompileTask.execute(CompileTask.java:62)
	at org.ballerinalang.packerina.TaskExecutor.executeTasks(TaskExecutor.java:38)
	at org.ballerinalang.packerina.cmd.BuildCommand.execute(BuildCommand.java:435)
	at java.base/java.util.Optional.ifPresent(Unknown Source)
	at org.ballerinalang.tool.Main.main(Main.java:57)
 
[2020-11-26 22:40:08,717] SEVERE {b7a.log.crash} - class io.ballerina.compiler.syntax.tree.MappingBindingPatternNode cannot be cast to class io.ballerina.compiler.syntax.tree.CaptureBindingPatternNode (io.ballerina.compiler.syntax.tree.MappingBindingPatternNode and io.ballerina.compiler.syntax.tree.CaptureBindingPatternNode are in unnamed module of loader 'app') 
java.lang.ClassCastException: class io.ballerina.compiler.syntax.tree.MappingBindingPatternNode cannot be cast to class io.ballerina.compiler.syntax.tree.CaptureBindingPatternNode (io.ballerina.compiler.syntax.tree.MappingBindingPatternNode and io.ballerina.compiler.syntax.tree.CaptureBindingPatternNode are in unnamed module of loader 'app')
	at org.wso2.ballerinalang.compiler.parser.BLangNodeTransformer.transform(BLangNodeTransformer.java:545)
	at org.wso2.ballerinalang.compiler.parser.BLangNodeTransformer.transform(BLangNodeTransformer.java:436)
	at io.ballerina.compiler.syntax.tree.ModuleVariableDeclarationNode.apply(ModuleVariableDeclarationNode.java:67)
	at org.wso2.ballerinalang.compiler.parser.BLangNodeTransformer.transform(BLangNodeTransformer.java:530)
	at org.wso2.ballerinalang.compiler.parser.BLangNodeTransformer.transform(BLangNodeTransformer.java:436)
	at io.ballerina.compiler.syntax.tree.ModulePartNode.apply(ModulePartNode.java:54)
	at org.wso2.ballerinalang.compiler.parser.BLangNodeTransformer.accept(BLangNodeTransformer.java:460)
	at org.wso2.ballerinalang.compiler.parser.Parser.generateCompilationUnitNew(Parser.java:121)
	at org.wso2.ballerinalang.compiler.parser.Parser.parse(Parser.java:94)
	at org.wso2.ballerinalang.compiler.PackageLoader.parse(PackageLoader.java:487)
	at org.wso2.ballerinalang.compiler.PackageLoader.loadEntryPackage(PackageLoader.java:374)
	at org.wso2.ballerinalang.compiler.Compiler.compilePackages(Compiler.java:166)
	at org.wso2.ballerinalang.compiler.Compiler.compilePackage(Compiler.java:221)
	at org.wso2.ballerinalang.compiler.Compiler.compile(Compiler.java:101)
	at org.wso2.ballerinalang.compiler.Compiler.build(Compiler.java:109)
	at org.ballerinalang.packerina.task.CompileTask.execute(CompileTask.java:62)
	at org.ballerinalang.packerina.TaskExecutor.executeTasks(TaskExecutor.java:38)
	at org.ballerinalang.packerina.cmd.BuildCommand.execute(BuildCommand.java:435)
	at java.base/java.util.Optional.ifPresent(Unknown Source)
	at org.ballerinalang.tool.Main.main(Main.java:57)
 
[2020-11-26 22:42:15,181] SEVERE {b7a.log.crash} - class io.ballerina.compiler.syntax.tree.MappingBindingPatternNode cannot be cast to class io.ballerina.compiler.syntax.tree.CaptureBindingPatternNode (io.ballerina.compiler.syntax.tree.MappingBindingPatternNode and io.ballerina.compiler.syntax.tree.CaptureBindingPatternNode are in unnamed module of loader 'app') 
java.lang.ClassCastException: class io.ballerina.compiler.syntax.tree.MappingBindingPatternNode cannot be cast to class io.ballerina.compiler.syntax.tree.CaptureBindingPatternNode (io.ballerina.compiler.syntax.tree.MappingBindingPatternNode and io.ballerina.compiler.syntax.tree.CaptureBindingPatternNode are in unnamed module of loader 'app')
	at org.wso2.ballerinalang.compiler.parser.BLangNodeTransformer.transform(BLangNodeTransformer.java:545)
	at org.wso2.ballerinalang.compiler.parser.BLangNodeTransformer.transform(BLangNodeTransformer.java:436)
	at io.ballerina.compiler.syntax.tree.ModuleVariableDeclarationNode.apply(ModuleVariableDeclarationNode.java:67)
	at org.wso2.ballerinalang.compiler.parser.BLangNodeTransformer.transform(BLangNodeTransformer.java:530)
	at org.wso2.ballerinalang.compiler.parser.BLangNodeTransformer.transform(BLangNodeTransformer.java:436)
	at io.ballerina.compiler.syntax.tree.ModulePartNode.apply(ModulePartNode.java:54)
	at org.wso2.ballerinalang.compiler.parser.BLangNodeTransformer.accept(BLangNodeTransformer.java:460)
	at org.wso2.ballerinalang.compiler.parser.Parser.generateCompilationUnitNew(Parser.java:121)
	at org.wso2.ballerinalang.compiler.parser.Parser.parse(Parser.java:94)
	at org.wso2.ballerinalang.compiler.PackageLoader.parse(PackageLoader.java:487)
	at org.wso2.ballerinalang.compiler.PackageLoader.loadEntryPackage(PackageLoader.java:374)
	at org.wso2.ballerinalang.compiler.Compiler.compilePackages(Compiler.java:166)
	at org.wso2.ballerinalang.compiler.Compiler.compilePackage(Compiler.java:221)
	at org.wso2.ballerinalang.compiler.Compiler.compile(Compiler.java:101)
	at org.wso2.ballerinalang.compiler.Compiler.build(Compiler.java:109)
	at org.ballerinalang.packerina.task.CompileTask.execute(CompileTask.java:62)
	at org.ballerinalang.packerina.TaskExecutor.executeTasks(TaskExecutor.java:38)
	at org.ballerinalang.packerina.cmd.BuildCommand.execute(BuildCommand.java:435)
	at java.base/java.util.Optional.ifPresent(Unknown Source)
	at org.ballerinalang.tool.Main.main(Main.java:57)
 
[2020-11-26 22:42:42,147] SEVERE {b7a.log.crash} - class io.ballerina.compiler.syntax.tree.MappingBindingPatternNode cannot be cast to class io.ballerina.compiler.syntax.tree.CaptureBindingPatternNode (io.ballerina.compiler.syntax.tree.MappingBindingPatternNode and io.ballerina.compiler.syntax.tree.CaptureBindingPatternNode are in unnamed module of loader 'app') 
java.lang.ClassCastException: class io.ballerina.compiler.syntax.tree.MappingBindingPatternNode cannot be cast to class io.ballerina.compiler.syntax.tree.CaptureBindingPatternNode (io.ballerina.compiler.syntax.tree.MappingBindingPatternNode and io.ballerina.compiler.syntax.tree.CaptureBindingPatternNode are in unnamed module of loader 'app')
	at org.wso2.ballerinalang.compiler.parser.BLangNodeTransformer.transform(BLangNodeTransformer.java:545)
	at org.wso2.ballerinalang.compiler.parser.BLangNodeTransformer.transform(BLangNodeTransformer.java:436)
	at io.ballerina.compiler.syntax.tree.ModuleVariableDeclarationNode.apply(ModuleVariableDeclarationNode.java:67)
	at org.wso2.ballerinalang.compiler.parser.BLangNodeTransformer.transform(BLangNodeTransformer.java:530)
	at org.wso2.ballerinalang.compiler.parser.BLangNodeTransformer.transform(BLangNodeTransformer.java:436)
	at io.ballerina.compiler.syntax.tree.ModulePartNode.apply(ModulePartNode.java:54)
	at org.wso2.ballerinalang.compiler.parser.BLangNodeTransformer.accept(BLangNodeTransformer.java:460)
	at org.wso2.ballerinalang.compiler.parser.Parser.generateCompilationUnitNew(Parser.java:121)
	at org.wso2.ballerinalang.compiler.parser.Parser.parse(Parser.java:94)
	at org.wso2.ballerinalang.compiler.PackageLoader.parse(PackageLoader.java:487)
	at org.wso2.ballerinalang.compiler.PackageLoader.loadEntryPackage(PackageLoader.java:374)
	at org.wso2.ballerinalang.compiler.Compiler.compilePackages(Compiler.java:166)
	at org.wso2.ballerinalang.compiler.Compiler.compilePackage(Compiler.java:221)
	at org.wso2.ballerinalang.compiler.Compiler.compile(Compiler.java:101)
	at org.wso2.ballerinalang.compiler.Compiler.build(Compiler.java:109)
	at org.ballerinalang.packerina.task.CompileTask.execute(CompileTask.java:62)
	at org.ballerinalang.packerina.TaskExecutor.executeTasks(TaskExecutor.java:38)
	at org.ballerinalang.packerina.cmd.BuildCommand.execute(BuildCommand.java:435)
	at java.base/java.util.Optional.ifPresent(Unknown Source)
	at org.ballerinalang.tool.Main.main(Main.java:57)
 
[2020-11-26 22:44:33,490] SEVERE {b7a.log.crash} - class io.ballerina.compiler.syntax.tree.MappingBindingPatternNode cannot be cast to class io.ballerina.compiler.syntax.tree.CaptureBindingPatternNode (io.ballerina.compiler.syntax.tree.MappingBindingPatternNode and io.ballerina.compiler.syntax.tree.CaptureBindingPatternNode are in unnamed module of loader 'app') 
java.lang.ClassCastException: class io.ballerina.compiler.syntax.tree.MappingBindingPatternNode cannot be cast to class io.ballerina.compiler.syntax.tree.CaptureBindingPatternNode (io.ballerina.compiler.syntax.tree.MappingBindingPatternNode and io.ballerina.compiler.syntax.tree.CaptureBindingPatternNode are in unnamed module of loader 'app')
	at org.wso2.ballerinalang.compiler.parser.BLangNodeTransformer.transform(BLangNodeTransformer.java:545)
	at org.wso2.ballerinalang.compiler.parser.BLangNodeTransformer.transform(BLangNodeTransformer.java:436)
	at io.ballerina.compiler.syntax.tree.ModuleVariableDeclarationNode.apply(ModuleVariableDeclarationNode.java:67)
	at org.wso2.ballerinalang.compiler.parser.BLangNodeTransformer.transform(BLangNodeTransformer.java:530)
	at org.wso2.ballerinalang.compiler.parser.BLangNodeTransformer.transform(BLangNodeTransformer.java:436)
	at io.ballerina.compiler.syntax.tree.ModulePartNode.apply(ModulePartNode.java:54)
	at org.wso2.ballerinalang.compiler.parser.BLangNodeTransformer.accept(BLangNodeTransformer.java:460)
	at org.wso2.ballerinalang.compiler.parser.Parser.generateCompilationUnitNew(Parser.java:121)
	at org.wso2.ballerinalang.compiler.parser.Parser.parse(Parser.java:94)
	at org.wso2.ballerinalang.compiler.PackageLoader.parse(PackageLoader.java:487)
	at org.wso2.ballerinalang.compiler.PackageLoader.loadEntryPackage(PackageLoader.java:374)
	at org.wso2.ballerinalang.compiler.Compiler.compilePackages(Compiler.java:166)
	at org.wso2.ballerinalang.compiler.Compiler.compilePackage(Compiler.java:221)
	at org.wso2.ballerinalang.compiler.Compiler.compile(Compiler.java:101)
	at org.wso2.ballerinalang.compiler.Compiler.build(Compiler.java:109)
	at org.ballerinalang.packerina.task.CompileTask.execute(CompileTask.java:62)
	at org.ballerinalang.packerina.TaskExecutor.executeTasks(TaskExecutor.java:38)
	at org.ballerinalang.packerina.cmd.BuildCommand.execute(BuildCommand.java:435)
	at java.base/java.util.Optional.ifPresent(Unknown Source)
	at org.ballerinalang.tool.Main.main(Main.java:57)
 
